0000000000000000 0000000000000401 b __fixedpath
0000000000000000 A __start__
0000000000000000 T _start
0000000000000000 b _TLS_MODULE_BASE_
0000000000000080 t startup
00000000000000b0 t bss_loop
0000000000000104 T __nx_exit
0000000000000118 T _init
0000000000000180 0000000000000054 t sulp
00000000000001e0 000000000000047c T main
0000000000000408 0000000000002000 b tmp_buffer.6027
0000000000000660 t deregister_tm_clones
0000000000000690 t register_tm_clones
00000000000006d0 t __do_global_dtors_aux
0000000000000718 t frame_dummy
0000000000000750 00000000000001ac T canvas_init
0000000000000900 00000000000000ac T canvas_draw
00000000000009b0 00000000000002b4 T consoleDrawChar
0000000000000c70 0000000000000164 T consolePrintChar
0000000000000de0 000000000000018c t consoleClearLine
0000000000000f70 00000000000001c4 t newRow
0000000000001140 00000000000001bc t consoleCls
0000000000001300 00000000000000f4 T consoleInit
0000000000001400 0000000000000864 t con_write
0000000000001c70 0000000000000034 t ipcCloseObjectById
0000000000001cb0 0000000000000120 t _appletGetHandle
0000000000001dd0 00000000000000e0 t _appletGetOperationMode.constprop.12
0000000000001eb0 00000000000000e0 t _appletGetPerformanceMode.constprop.13
0000000000001f90 00000000000000e8 t _appletReceiveMessage
0000000000002080 00000000000000e0 t _appletGetCurrentFocusState.constprop.14
0000000000002160 00000000000000cc t _appletAcquireForegroundRights
0000000000002230 00000000000000d4 t _appletSetOperationModeChangedNotification.constprop.15
0000000000002310 00000000000000cc t _appletSetOutOfFocusSuspendingEnabled
00000000000023e0 00000000000000d4 t _appletSetPerformanceModeChangedNotification.constprop.16
0000000000002408 0000000000002000 b tmp_buffer.6051
00000000000024c0 00000000000000d4 t _appletSetFocusHandlingMode
00000000000025a0 00000000000000e0 t _appletGetAppletResourceUserId.constprop.10
0000000000002680 0000000000000148 t _appletGetSessionProxy.constprop.9
00000000000027d0 00000000000003cc T appletExit
0000000000002ba0 0000000000000028 T appletHook
0000000000002bd0 0000000000000034 T appletUnhook
0000000000002c10 0000000000000028 T appletGetAppletResourceUserId
0000000000002c40 000000000000011c T appletNotifyRunning
0000000000002d60 0000000000000578 T appletInitialize
00000000000032e0 00000000000000e8 T appletCreateManagedDisplayLayer
00000000000033d0 000000000000000c T appletGetOperationMode
00000000000033e0 000000000000015c T appletMainLoop
0000000000003540 0000000000000128 t _hidGetSharedMemoryHandle.constprop.6
0000000000003670 0000000000000138 t _hidCreateAppletResource.constprop.5
00000000000037b0 0000000000000034 t ipcCloseObjectById
00000000000037f0 00000000000000bc T hidExit
00000000000038b0 00000000000001a4 T hidReset
0000000000003a60 00000000000000b0 T hidInitialize
0000000000003b10 000000000000000c T hidGetSharedmemAddr
0000000000003b20 000000000000006c T hidKeysDown
0000000000003b90 000000000000000c T hidTouchCount
0000000000003ba0 0000000000000470 T hidScanInput
0000000000004010 0000000000000044 T smAddOverrideHandle
0000000000004060 0000000000000064 T smGetServiceOverride
00000000000040d0 0000000000000014 T smHasInitialized
00000000000040f0 0000000000000028 T smExit
0000000000004120 0000000000000034 T smEncodeName
0000000000004160 0000000000000128 T smGetServiceOriginal
0000000000004290 0000000000000148 T smInitialize
00000000000043e0 0000000000000074 T smGetService
0000000000004460 00000000000000bc T fatalSimple
0000000000004520 0000000000000034 t ipcCloseObjectById
0000000000004560 0000000000000128 t _apmGetSession.constprop.3
0000000000004690 00000000000000ac T apmExit
0000000000004740 0000000000000074 T apmInitialize
00000000000047c0 00000000000000cc T apmSetPerformanceConfiguration
0000000000004890 00000000000000c4 t _gfxDequeueBuffer.part.0
0000000000004960 0000000000000038 t _gfxQueueBuffer.part.1
00000000000049a0 00000000000000e8 T gfxConfigureCrop
0000000000004a90 0000000000000014 T gfxConfigureResolution
0000000000004ab0 0000000000000068 t _gfxAutoResolutionAppletHook
0000000000004b20 000000000000011c T gfxConfigureAutoResolution
0000000000004c40 0000000000000194 T gfxExit
0000000000004de0 0000000000000054 T _gfxGraphicBufferInit
0000000000004e40 0000000000000080 T gfxWaitForVsync
0000000000004ec0 00000000000005f0 T gfxInitDefault
00000000000054b0 0000000000000060 T gfxSwapBuffers
0000000000005510 000000000000006c T gfxGetFramebuffer
0000000000005580 000000000000000c T gfxSetMode
0000000000005590 0000000000000124 T gfxFlushBuffers
00000000000056c0 000000000000003c t nvmapobjClose
0000000000005700 0000000000000070 t nvmapobjInitialize.part.0
0000000000005770 0000000000000074 t nvmapobjSetup.constprop.2
00000000000057f0 0000000000000bd4 T nvgfxInitialize
00000000000063d0 000000000000012c T nvgfxExit
0000000000006500 0000000000000068 T nvgfxEventWait
0000000000006570 0000000000000040 T nvgfxGetFramebuffer
00000000000065b0 0000000000000040 T nvioctlNvhostCtrl_EventWait
00000000000065f0 000000000000003c T nvioctlNvhostCtrlGpu_ZCullGetCtxSize
0000000000006630 0000000000000054 T nvioctlNvhostCtrlGpu_ZCullGetInfo
0000000000006690 0000000000000088 T nvioctlNvhostCtrlGpu_GetCharacteristics
0000000000006720 000000000000005c T nvioctlNvhostCtrlGpu_GetTpcMasks
0000000000006780 000000000000003c T nvioctlNvhostCtrlGpu_GetL2State
00000000000067c0 0000000000000024 T nvioctlNvhostAsGpu_BindChannel
00000000000067f0 0000000000000044 T nvioctlNvhostAsGpu_AllocSpace
0000000000006840 0000000000000050 T nvioctlNvhostAsGpu_MapBufferEx
0000000000006890 0000000000000064 T nvioctlNvhostAsGpu_GetVARegions
0000000000006900 000000000000003c T nvioctlNvhostAsGpu_InitializeEx
0000000000006940 0000000000000024 T nvioctlChannel_SetNvmapFd
0000000000006970 0000000000000030 T nvioctlChannel_AllocObjCtx
00000000000069a0 0000000000000028 T nvioctlChannel_ZCullBind
00000000000069d0 0000000000000028 T nvioctlChannel_SetErrorNotifier
0000000000006a00 0000000000000024 T nvioctlChannel_SetPriority
0000000000006a30 0000000000000054 T nvioctlChannel_AllocGpfifoEx2
0000000000006a90 0000000000000024 T nvioctlChannel_SetUserData
0000000000006ac0 000000000000003c T nvioctlNvmap_Create
0000000000006b00 000000000000003c T nvioctlNvmap_FromId
0000000000006b40 0000000000000030 T nvioctlNvmap_Alloc
0000000000006b70 000000000000003c T nvioctlNvmap_GetId
0000000000006bac T armDCacheFlush
0000000000006bd0 t armDCacheFlush_L0
0000000000006be8 T svcSetHeapSize
0000000000006bfc T svcUnmapMemory
0000000000006c04 T svcQueryMemory
0000000000006c18 T svcExitProcess
0000000000006c20 T svcSleepThread
0000000000006c28 T svcMapSharedMemory
0000000000006c30 T svcUnmapSharedMemory
0000000000006c38 T svcCreateTransferMemory
0000000000006c4c T svcCloseHandle
0000000000006c54 T svcResetSignal
0000000000006c5c T svcWaitSynchronization
0000000000006c70 T svcArbitrateLock
0000000000006c78 T svcArbitrateUnlock
0000000000006c80 T svcConnectToNamedPort
0000000000006c94 T svcGetSystemTick
0000000000006c9c T svcSendSyncRequest
0000000000006ca4 T svcBreak
0000000000006cac T svcGetInfo
0000000000006cc0 T svcUnmapTransferMemory
0000000000006cd0 00000000000000ac T __nx_dynamic
0000000000006d80 00000000000000dc W __libnx_initheap
0000000000006e60 0000000000000074 W __appInit
0000000000006ee0 0000000000000024 W __appExit
0000000000006f10 0000000000000028 W __libnx_init
0000000000006f40 0000000000000020 W __libnx_exit
0000000000006f60 00000000000001ac T envSetup
0000000000007110 0000000000000020 T envGetMainThreadHandle
0000000000007130 000000000000000c T envIsNso
0000000000007140 0000000000000014 T envHasHeapOverride
0000000000007160 000000000000000c T envGetHeapOverrideAddr
0000000000007170 000000000000000c T envGetHeapOverrideSize
0000000000007180 0000000000000014 T envHasArgv
00000000000071a0 000000000000000c T envGetArgv
00000000000071b0 000000000000000c T envGetExitFuncPtr
00000000000071c0 0000000000000008 t mutexInit
00000000000071d0 000000000000000c t rmutexInit
00000000000071e0 0000000000000090 T __libnx_gtod
0000000000007270 0000000000000034 t __libnx_get_reent
00000000000072b0 00000000000000ec T newlibSetup
00000000000073a0 000000000000037c T argvSetup
0000000000007720 0000000000000098 t _CacheValues.part.0
00000000000077c0 0000000000000034 T kernelAbove200
0000000000007800 0000000000000034 T kernelAbove300
0000000000007840 0000000000000030 T detectDebugger
0000000000007870 0000000000000014 T shmemLoadRemote
0000000000007890 000000000000009c T shmemMap
0000000000007930 0000000000000048 T shmemUnmap
0000000000007980 0000000000000040 T shmemClose
00000000000079c0 000000000000003c T rwlockReadLock
0000000000007a00 0000000000000050 T rwlockReadUnlock
0000000000007a50 0000000000000008 T rwlockWriteLock
0000000000007a60 0000000000000008 T rwlockWriteUnlock
0000000000007a70 0000000000000094 T mutexLock
0000000000007b10 0000000000000024 T mutexUnlock
0000000000007b40 000000000000004c T rmutexLock
0000000000007b90 0000000000000020 T rmutexUnlock
0000000000007bb0 0000000000000068 t _GetRegionFromInfo
0000000000007c20 00000000000000d4 T virtmemSetup
0000000000007d00 000000000000013c T virtmemReserve
0000000000007e40 0000000000000004 T virtmemFree
0000000000007e50 0000000000000010 t fsdev_link
0000000000007e60 0000000000000010 t fsdev_dirreset
0000000000007e70 0000000000000010 t fsdev_chmod
0000000000007e80 0000000000000020 t error_cmp
0000000000007ea0 0000000000000060 t fsdev_translate_error
0000000000007f00 0000000000000040 t fsdev_fsync
0000000000007f40 0000000000000064 t fsdev_ftruncate
0000000000007fb0 0000000000000020 t fsdev_dirclose
0000000000007fd0 0000000000000184 t fsdev_dirnext
0000000000008160 000000000000001c t fsdev_close
0000000000008180 0000000000000080 t fsdev_fstat
0000000000008200 00000000000000b8 t fsdev_seek
00000000000082c0 0000000000000108 t fsdevFindDevice
00000000000083d0 0000000000000128 t _fsdevMountDevice
0000000000008500 00000000000000b0 t _fsdevUnmountDeviceStruct.part.1
00000000000085b0 0000000000000208 t fsdev_getfspath
00000000000087c0 0000000000000070 t fsdev_rmdir
0000000000008830 00000000000000d8 t fsdev_statvfs
0000000000008910 00000000000000b8 t fsdev_diropen
00000000000089d0 00000000000000c4 t fsdev_chdir
0000000000008aa0 0000000000000070 t fsdev_mkdir
0000000000008b10 000000000000013c t fsdev_rename
0000000000008c50 0000000000000070 t fsdev_unlink
0000000000008cc0 0000000000000174 t fsdev_stat
0000000000008e40 00000000000001ac t fsdev_open
0000000000008ff0 00000000000001b4 t fsdev_read
00000000000091b0 00000000000001d0 t fsdev_write
0000000000009380 0000000000000010 t fsdev_fchmod
0000000000009390 00000000000001f0 T fsdevInit
0000000000009580 0000000000000070 T fsdevExit
00000000000095f0 0000000000000034 t ipcCloseObjectById
0000000000009630 00000000000000d4 t _nvSetClientPID
0000000000009710 00000000000000c4 t ipcQueryPointerBufferSize.constprop.6
00000000000097e0 00000000000000ec t _nvInitialize.constprop.5
00000000000098d0 000000000000009c T nvExit
0000000000009970 0000000000000198 T nvInitialize
0000000000009b10 0000000000000120 T nvConvertError
0000000000009c30 0000000000000124 T nvOpen
0000000000009d60 00000000000001c0 T nvIoctl
0000000000009f20 00000000000000d8 T nvClose
000000000000a000 0000000000000140 T nvQueryEvent
000000000000a140 0000000000000034 t ipcCloseObjectById
000000000000a180 0000000000000138 t _timeGetSession
000000000000a2c0 0000000000000194 T timeExit
000000000000a460 00000000000000c0 T timeInitialize
000000000000a520 000000000000012c T timeGetCurrentTime
000000000000a650 0000000000000034 t ipcCloseObjectById
000000000000a690 0000000000000140 t _viGetSession.constprop.6
000000000000a7d0 0000000000000130 t _viCreatestray_layer.isra.4
000000000000a900 0000000000000138 t _viOpenLayer
000000000000aa40 0000000000000184 T viExit
000000000000abd0 000000000000029c T viInitialize
000000000000ae70 000000000000000c T viGetSession_IHOSBinderDriverRelay
000000000000ae80 0000000000000140 T viOpenDisplay
000000000000afc0 00000000000000f4 T viCloseDisplay
000000000000b0c0 00000000000000e0 T viOpenLayer
000000000000b1a0 0000000000000104 T viCloseLayer
000000000000b2b0 00000000000000e4 T viSetLayerScalingMode
000000000000b3a0 0000000000000130 T viGetDisplayVsyncEvent
000000000000b4d0 0000000000000034 t ipcCloseObjectById
000000000000b510 0000000000000108 T fsInitialize
000000000000b620 000000000000006c T fsExit
000000000000b690 0000000000000128 T fsMountSdcard
000000000000b7c0 00000000000000f8 T fsFsCreateFile
000000000000b8c0 00000000000000f0 T fsFsDeleteFile
000000000000b9b0 00000000000000f0 T fsFsCreateDirectory
000000000000baa0 00000000000000f0 T fsFsDeleteDirectory
000000000000bb90 0000000000000110 T fsFsRenameFile
000000000000bca0 0000000000000110 T fsFsRenameDirectory
000000000000bdb0 0000000000000108 T fsFsGetEntryType
000000000000bec0 0000000000000158 T fsFsOpenFile
000000000000c020 0000000000000148 T fsFsOpenDirectory
000000000000c170 0000000000000108 T fsFsGetFreeSpace
000000000000c280 0000000000000108 T fsFsGetTotalSpace
000000000000c390 0000000000000014 T fsFsClose
000000000000c3b0 0000000000000104 T fsFileRead
000000000000c4c0 00000000000000f4 T fsFileWrite
000000000000c5c0 00000000000000c4 T fsFileFlush
000000000000c690 00000000000000c4 T fsFileSetSize
000000000000c760 00000000000000ec T fsFileGetSize
000000000000c850 0000000000000014 T fsFileClose
000000000000c870 0000000000000014 T fsDirClose
000000000000c890 0000000000000110 T fsDirRead
000000000000c9a0 0000000000000010 T bufferProducerInitialize
000000000000c9b0 000000000000000c T bufferProducerExit
000000000000c9c0 0000000000000134 T bufferProducerRequestBuffer
000000000000cb00 00000000000001a0 T bufferProducerDequeueBuffer
000000000000cca0 000000000000009c T bufferProducerDetachBuffer
000000000000cd40 0000000000000120 T bufferProducerQueueBuffer
000000000000ce60 00000000000000dc T bufferProducerQuery
000000000000cf40 000000000000012c T bufferProducerConnect
000000000000d070 000000000000009c T bufferProducerDisconnect
000000000000d110 0000000000000110 T bufferProducerGraphicBufferInit
000000000000d220 00000000000001ac t _binderTransactParcelAuto
000000000000d3d0 000000000000013c t _binderTransactParcel
000000000000d510 0000000000000018 T binderCreateSession
000000000000d530 0000000000000014 T binderTransactParcel
000000000000d550 00000000000000e4 T binderAdjustRefcount
000000000000d640 0000000000000070 T binderExitSession
000000000000d6b0 0000000000000138 T binderGetNativeHandle
000000000000d7f0 00000000000001c8 T binderInitSession
000000000000d9c0 0000000000000028 T parcelInitialize
000000000000d9f0 00000000000001d0 T parcelTransact
000000000000dbc0 0000000000000088 T parcelWriteData
000000000000dc50 000000000000008c T parcelReadData
000000000000dce0 0000000000000024 T parcelWriteInt32
000000000000dd10 0000000000000024 T parcelWriteUInt32
000000000000dd40 0000000000000074 T parcelWriteString16
000000000000ddc0 0000000000000030 T parcelWriteInterfaceToken
000000000000ddf0 0000000000000024 T parcelReadInt32
000000000000de20 000000000000006c T parcelReadFlattenedObject
000000000000de90 000000000000004c T parcelWriteFlattenedObject
000000000000dee0 0000000000000130 T decode_utf8
000000000000e010 T __aarch64_read_tp
000000000000e020 000000000000007c T tmemCreate
000000000000e0a0 0000000000000048 T tmemUnmap
000000000000e0f0 0000000000000064 T tmemClose
000000000000e158 00000000000000c8 T bsearch
000000000000e220 0000000000000044 T __libc_fini_array
000000000000e268 000000000000008c T __libc_init_array
000000000000e2f8 000000000000002c T __locale_mb_cur_max
000000000000e328 0000000000000008 T __locale_ctype_ptr_l
000000000000e330 000000000000002c T __locale_ctype_ptr
000000000000e360 000000000000002c T memalign
000000000000e390 00000000000001ac T _memalign_r
000000000000e540 0000000000000024 T malloc
000000000000e568 0000000000000024 T free
000000000000e590 00000000000008b4 T _malloc_r
000000000000ee48 00000000000002d8 T __utf8_mbtowc
000000000000f120 00000000000000d8 T memchr
000000000000f200 000000000000016c T memcpy
000000000000f380 00000000000001d8 T memset
000000000000f558 000000000000000c T __malloc_lock
000000000000f568 000000000000000c T __malloc_unlock
000000000000f578 0000000000000024 T srand
000000000000f5a0 0000000000000038 T rand
000000000000f5d8 0000000000000270 T setvbuf
000000000000f848 00000000000000c8 T sscanf
000000000000f910 0000000000000050 T __sread
000000000000f960 0000000000000008 T __seofread
000000000000f968 0000000000000068 T __swrite
000000000000f9d0 0000000000000054 T __sseek
000000000000fa28 0000000000000008 T __sclose
000000000000fa30 00000000000000dc T strchr
000000000000fb40 00000000000000a4 T strcmp
000000000000fc00 0000000000000140 T strlen
000000000000fd40 0000000000000088 T strncat
000000000000fe1c 0000000000000108 T strncmp
000000000000ff28 00000000000000b4 T strncpy
0000000000010024 00000000000000e0 T strnlen
00000000000100e0 00000000000001d8 t _strtol_l.isra.0
00000000000102b8 0000000000000058 T _strtol_r
0000000000010310 000000000000005c t get_arg
000000000001036c 0000000000002f30 T __ssvfscanf_r
00000000000132a0 0000000000000040 T time
00000000000132e0 00000000000000dc T _wcrtomb_r
00000000000133c0 0000000000000010 T _wcsrtombs_r
00000000000133d0 00000000000000e8 T __utf8_wctomb
00000000000134b8 0000000000000278 T __sflush_r
0000000000013730 00000000000000a4 T _fflush_r
00000000000137d8 0000000000000078 t std
0000000000013850 000000000000000c T _cleanup_r
0000000000013860 000000000000000c T __sfp_lock_acquire
0000000000013870 000000000000000c T __sfp_lock_release
0000000000013880 000000000000000c T __sinit_lock_acquire
0000000000013890 000000000000000c T __sinit_lock_release
00000000000138a0 0000000000000080 T __sinit
0000000000013920 000000000000011c T _malloc_trim_r
0000000000013a40 0000000000000314 T _free_r
0000000000013d58 00000000000000cc T _fwalk_reent
0000000000013e28 0000000000000080 T iswspace
0000000000013ea8 000000000000024c t __jp2uc
00000000000140f8 00000000000000d0 T _jp2uc
00000000000141c8 0000000000000008 T __localeconv_l
00000000000141d0 0000000000000028 T _localeconv_r
00000000000141f8 00000000000000ac T __swhatbuf_r
00000000000142a8 00000000000000f4 T _mbrtowc_r
00000000000143c0 00000000000000ac T memmove
0000000000014470 000000000000002c T realloc
00000000000144a0 000000000000055c T _realloc_r
0000000000014a00 00000000000000b4 T __sccl
0000000000014ab8 000000000000000c T nanf
0000000000014ac8 00000000000000b0 T sprintf
0000000000014b78 00000000000000c8 T stpncpy
0000000000014c40 0000000000001110 T _strtod_l
0000000000015d50 0000000000000050 T _strtod_r
0000000000015da0 00000000000001d8 t _strtoll_l.isra.0
0000000000015f78 0000000000000058 T _strtoll_r
0000000000015fd0 00000000000001e0 t _strtoull_l.isra.0
00000000000161b0 0000000000000058 T _strtoull_r
0000000000016208 00000000000001e0 t _strtoul_l.isra.0
00000000000163e8 0000000000000058 T _strtoul_r
0000000000016440 00000000000001c0 T __ssprint_r
0000000000016600 00000000000000f4 T _sungetc_r
00000000000166f4 0000000000000070 T __ssrefill_r
0000000000016764 00000000000000cc T _sfread_r
0000000000016830 0000000000000778 t get_arg
0000000000016fa8 0000000000003afc T _svfprintf_r
000000000001aaa8 00000000000000d8 T __submore
000000000001ab80 00000000000001d4 T _wcsnrtombs_l
000000000001ad58 0000000000000074 T _wcsnrtombs_r
000000000001add0 00000000000001b0 t quorem
000000000001af80 00000000000011c4 T _dtoa_r
000000000001c148 000000000000018c T _fclose_r
000000000001c2d8 00000000000000f0 t rshift
000000000001c3c8 00000000000007c0 T __gethex
000000000001cb88 0000000000000048 T __match
000000000001cbd0 0000000000000228 T __hexnan
000000000001cdf8 00000000000000a4 T _Balloc
000000000001cea0 000000000000001c T _Bfree
000000000001cec0 00000000000000e0 T __multadd
000000000001cfa0 0000000000000120 T __s2b
000000000001d0c0 000000000000005c T __hi0bits
000000000001d120 00000000000000a8 T __lo0bits
000000000001d1c8 000000000000002c T __i2b
000000000001d1f8 00000000000001d8 T __multiply
000000000001d3d0 0000000000000108 T __pow5mult
000000000001d4d8 0000000000000144 T __lshift
000000000001d620 0000000000000054 T __mcmp
000000000001d678 0000000000000164 T __mdiff
000000000001d7e0 0000000000000074 T __ulp
000000000001d858 0000000000000154 T __b2d
000000000001d9b0 000000000000012c T __d2b
000000000001dae0 00000000000000a0 T __ratio
000000000001db80 0000000000000068 T __copybits
000000000001dbe8 0000000000000088 T __any_on
000000000001dc70 0000000000000094 T frexp
000000000001dd08 0000000000000090 T _calloc_r
000000000001dd98 0000000000000008 t null_write
000000000001dda0 0000000000000018 T setDefaultDevice
000000000001ddb8 0000000000000114 T FindDevice
000000000001ded0 0000000000000034 T RemoveDevice
000000000001df08 00000000000000d8 T AddDevice
000000000001dfe0 00000000000000b8 T _close_r
000000000001e098 0000000000000080 T _fstat_r
000000000001e118 0000000000000028 T _gettimeofday_r
000000000001e140 0000000000000094 T _lseek_r
000000000001e1d8 0000000000000098 T _read_r
000000000001e270 000000000000007c T _sbrk_r
000000000001e2f0 0000000000000098 T _write_r
000000000001e388 000000000000024c T _concatenate_path
000000000001e5d8 0000000000000198 T chdir
000000000001e770 000000000000001c T __libc_lock_acquire
000000000001e790 000000000000001c T __libc_lock_release
000000000001e7b0 000000000000001c T __libc_lock_init_recursive
000000000001e7d0 000000000000001c T __libc_lock_acquire_recursive
000000000001e7f0 000000000000001c T __libc_lock_release_recursive
000000000001e810 000000000000001c T __libc_lock_close_recursive
000000000001e830 000000000000003c T __free_handle
000000000001e870 000000000000005c T __release_handle
000000000001e8d0 0000000000000020 T __get_handle
000000000001e8f0 0000000000000028 T __getreent
000000000001e918 0000000000000120 t __extenddftf2
000000000001ea38 000000000000035c t __trunctfdf2
000000000001ed98 0000000000000070 t __sfp_handle_exceptions
000000000001ee08 0000000000000100 T strrchr
000000000001ef08 T _fini
000000000001f068 0000000000000060 r colorTable
000000000001f1ec R default_font_bin
00000000000211ec R default_font_bin_end
00000000000211ec R default_font_bin_size
00000000000211f8 0000000000000018 r error_table
0000000000021388 0000000000000022 r basefix.6273
00000000000213b0 0000000000000101 R _ctype_
00000000000214d0 00000000000000bc r a1
0000000000021590 00000000000000bc r a2
0000000000021650 000000000000005b r a3
00000000000216b0 0000000000000070 r a6
0000000000021720 00000000000000a2 r a7
00000000000217c8 0000000000000040 r a8
0000000000021808 000000000000172a r b02cf
0000000000022f38 0000000000001a7c r d02f4
00000000000249f0 0000000000000014 r fpi.5102
0000000000024a08 0000000000000014 r fpinan.5138
0000000000024a20 0000000000000028 r tinytens
0000000000024a48 000000000000006c R __action_table
0000000000024ab8 0000000000000100 R __chclass
0000000000024bb8 000000000000006c R __state_table
0000000000024db8 0000000000000010 r blanks.6232
0000000000024dc8 0000000000000010 r zeroes.6233
0000000000024e10 0000000000000100 R __hexdig
0000000000024f10 0000000000000028 R __mprec_bigtens
0000000000024f38 00000000000000c8 R __mprec_tens
0000000000025000 000000000000000c r p05.5022
0000000000025020 0000000000000003 R DIRECTORY_PARENT
0000000000025030 r __EH_FRAME_BEGIN__
00000000000251ec r __FRAME_END__
00000000000251f0 a _DYNAMIC
0000000000028000 t __frame_dummy_init_array_entry
0000000000028000 T __init_array_start
0000000000028000 B __preinit_array_end
0000000000028000 B __preinit_array_start
0000000000028000 D __tdata_lma
0000000000028000 D __tdata_lma_end
0000000000028008 t __do_global_dtors_aux_fini_array_entry
0000000000028008 T __fini_array_start
0000000000028008 T __init_array_end
0000000000028010 T __fini_array_end
0000000000028010 T __got_start__
0000000000028010 a _GLOBAL_OFFSET_TABLE_
0000000000028270 D __got_end__
0000000000028270 0000000000000001 d firstConsoleInit.5379
0000000000028278 0000000000000008 D currentConsole
0000000000028280 0000000000000068 D defaultConsole
00000000000282e8 00000000000000d0 d dotab_stdout
00000000000283b8 0000000000000001 V __nx_applet_auto_notifyrunning
00000000000283bc 0000000000000004 V __nx_applet_type
00000000000283c0 0000000000000004 d g_gfxMode
00000000000283c8 0000000000000054 d g_gfxQueueBufferData
0000000000028420 000000000000016c d g_gfx_BufferInitData
000000000002858c 0000000000000001 D g_gfx_drawflip
0000000000028590 0000000000000004 V __nx_time_type
0000000000028598 0000000000000401 d __cwd
000000000002899c 0000000000000004 d fsdev_fsdevice_cwd
00000000000289a0 0000000000000004 d fsdev_fsdevice_default
00000000000289a8 00000000000000d0 d fsdev_devoptab
0000000000028a78 0000000000000004 d g_nvServiceType
0000000000028a7c 0000000000000004 d g_viServiceType
0000000000028a80 0000000000000023 d g_bufferProducer_InterfaceDescriptor
0000000000028aa8 0000000000000008 D _impure_ptr
0000000000028ab0 0000000000000768 d impure_data
0000000000029218 00000000000001a8 D __global_locale
00000000000293c0 0000000000000008 D __malloc_sbrk_base
00000000000293c8 0000000000000008 D __malloc_trim_threshold
00000000000293d0 0000000000000810 D __malloc_av_
0000000000029be0 0000000000000004 d defaultDevice
0000000000029be8 0000000000000080 D devoptab_list
0000000000029c68 00000000000000d0 D dotab_stdnull
0000000000029d38 0000000000000400 d _current_working_directory
000000000002a138 0000000000000010 d __stderr_handle
000000000002a148 0000000000000010 d __stdin_handle
000000000002a158 0000000000000010 d __stdout_handle
000000000002a168 0000000000002000 d handles
000000000002c168 D __bss_start__
000000000002c168 D __TMC_END__
000000000002c168 b completed.5082
000000000002c170 b object.5087
000000000002c1a0 0000000000000008 V __nx_applet_PerformanceConfiguration
000000000002c1a8 0000000000000018 b g_appletFirstHook
000000000002c1c0 0000000000000001 b g_appletFocusState
000000000002c1c8 000000000000000c b g_appletIAudioController
000000000002c1d8 000000000000000c b g_appletICommonStateGetter
000000000002c1e8 000000000000000c b g_appletIDebugFunctions
000000000002c1f8 000000000000000c b g_appletIDisplayController
000000000002c208 000000000000000c b g_appletIFunctions
000000000002c218 000000000000000c b g_appletILibraryAppletCreator
000000000002c228 000000000000000c b g_appletILibraryAppletSelfAccessor
000000000002c238 000000000000000c b g_appletIProcessWindingController
000000000002c248 000000000000000c b g_appletISelfController
000000000002c258 000000000000000c b g_appletIWindowController
000000000002c264 0000000000000004 b g_appletMessageEventHandle
000000000002c268 0000000000000001 b g_appletNotifiedRunning
000000000002c269 0000000000000001 b g_appletOperationMode
000000000002c26c 0000000000000004 b g_appletPerformanceMode
000000000002c270 000000000000000c b g_appletProxySession
000000000002c280 0000000000000008 b g_appletResourceUserId
000000000002c288 000000000000000c b g_appletSrv
000000000002c298 0000000000000050 b g_controllerDown
000000000002c2e8 00000000000001e0 b g_controllerEntries
000000000002c4c8 0000000000000050 b g_controllerHeld
000000000002c518 0000000000000028 b g_controllerLayout
000000000002c540 0000000000000050 b g_controllerOld
000000000002c590 0000000000000004 b g_controllerP1AutoID
000000000002c598 0000000000000050 b g_controllerTimestamps
000000000002c5e8 0000000000000050 b g_controllerUp
000000000002c638 000000000000000c b g_hidIAppletResource
000000000002c648 0000000000000020 b g_hidLock
000000000002c668 0000000000000020 b g_hidSharedmem
000000000002c688 000000000000000c b g_hidSrv
000000000002c698 0000000000000020 b g_keyboardDown
000000000002c6b8 0000000000000038 b g_keyboardEntry
000000000002c6f0 0000000000000020 b g_keyboardHeld
000000000002c710 0000000000000008 b g_keyboardModDown
000000000002c718 0000000000000008 b g_keyboardModHeld
000000000002c720 0000000000000008 b g_keyboardModOld
000000000002c728 0000000000000008 b g_keyboardModUp
000000000002c730 0000000000000020 b g_keyboardOld
000000000002c750 0000000000000008 b g_keyboardTimestamp
000000000002c758 0000000000000020 b g_keyboardUp
000000000002c778 0000000000000008 b g_mouseDown
000000000002c780 0000000000000030 b g_mouseEntry
000000000002c7b0 0000000000000008 b g_mouseHeld
000000000002c7b8 0000000000000008 b g_mouseOld
000000000002c7c0 0000000000000008 b g_mouseTimestamp
000000000002c7c8 0000000000000008 b g_mouseUp
000000000002c7d0 0000000000000298 b g_touchEntry
000000000002ca68 0000000000000008 b g_touchTimestamp
000000000002ca70 0000000000000004 b g_smHandle
000000000002ca78 0000000000000200 b g_smOverrides
000000000002cc78 0000000000000008 b g_smOverridesNum
000000000002cc80 000000000000000c b g_apmISession
000000000002cc90 000000000000000c b g_apmSrv
000000000002cca0 0000000000000020 b g_gfxBinderSession
000000000002ccc0 0000000000000004 b g_gfxCurrentBuffer
000000000002ccc4 0000000000000004 b g_gfxCurrentProducerBuffer
000000000002ccc8 0000000000000050 b g_gfxDisplay
000000000002cd18 0000000000000004 b g_gfxDisplayVsyncEvent
000000000002cd20 0000000000000008 b g_gfxFramebuf
000000000002cd28 0000000000000008 b g_gfxFramebufLinear
000000000002cd30 0000000000000008 b g_gfxFramebufSize
000000000002cd38 0000000000000001 b g_gfxInitialized
000000000002cd40 0000000000000010 b g_gfxLayer
000000000002cd50 0000000000000100 b g_gfxNativeWindow
000000000002ce50 0000000000000004 b g_gfxNativeWindow_ID
000000000002ce58 0000000000000008 b g_gfxNativeWindow_Size
000000000002ce60 0000000000000004 b g_gfxPixelFormat
000000000002ce68 0000000000000010 b g_gfx_Connect_QueueBufferOutput
000000000002ce78 0000000000000024 b g_gfx_DequeueBuffer_fence
000000000002ce9c 0000000000000001 b g_gfx_ProducerConnected
000000000002cea0 0000000000000002 b g_gfx_ProducerSlotsRequested
000000000002cea8 0000000000000010 b g_gfx_QueueBuffer_QueueBufferOutput
000000000002ceb8 0000000000000018 b g_gfx_autoresolution_applethookcookie
000000000002ced0 0000000000000004 b g_gfx_autoresolution_docked_height
000000000002ced4 0000000000000004 b g_gfx_autoresolution_docked_width
000000000002ced8 0000000000000001 b g_gfx_autoresolution_enabled
000000000002cedc 0000000000000004 b g_gfx_autoresolution_handheld_height
000000000002cee0 0000000000000004 b g_gfx_autoresolution_handheld_width
000000000002cee8 0000000000000008 B g_gfx_framebuf_aligned_height
000000000002cef0 0000000000000008 B g_gfx_framebuf_aligned_width
000000000002cef8 0000000000000008 B g_gfx_framebuf_display_height
000000000002cf00 0000000000000008 B g_gfx_framebuf_display_width
000000000002cf08 0000000000000008 B g_gfx_framebuf_height
000000000002cf10 0000000000000008 B g_gfx_framebuf_width
000000000002cf18 0000000000000008 B g_gfx_singleframebuf_linear_size
000000000002cf20 0000000000000008 B g_gfx_singleframebuf_size
000000000002cf28 0000000000000001 b g_nvgfxInitialized
000000000002cf2c 0000000000000004 b g_nvgfx_fd_nvhostasgpu
000000000002cf30 0000000000000004 b g_nvgfx_fd_nvhostctrl
000000000002cf34 0000000000000004 b g_nvgfx_fd_nvhostctrlgpu
000000000002cf38 0000000000000004 b g_nvgfx_fd_nvhostgpu
000000000002cf3c 0000000000000004 b g_nvgfx_fd_nvmap
000000000002cf40 0000000000000008 b g_nvgfx_gpfifo_pos
000000000002cf48 00000000000000a0 b g_nvgfx_gpu_characteristics
000000000002cfe8 0000000000000008 b g_nvgfx_l2state
000000000002cff0 0000000000000008 b g_nvgfx_nvhost_fence
000000000002cff8 0000000000000008 b g_nvgfx_nvhost_userdata
000000000002d000 0000000000000008 b g_nvgfx_nvhost_userdata_size
000000000002d008 0000000000000008 b g_nvgfx_nvhostasgpu_allocspace_offset
000000000002d010 0000000000000030 b g_nvgfx_nvhostasgpu_varegions
000000000002d040 0000000000000004 b g_nvgfx_nvhostctrl_eventhandle
000000000002d044 0000000000000004 b g_nvgfx_nvhostctrl_eventres
000000000002d048 0000000000000004 b g_nvgfx_nvhostctrlgpu_event2
000000000002d04c 0000000000000004 b g_nvgfx_nvhostgpu_event3
000000000002d050 0000000000000004 B g_nvgfx_totalframebufs
000000000002d058 0000000000000018 b g_nvgfx_tpcmasks
000000000002d070 0000000000000004 b g_nvgfx_zcullctxsize
000000000002d078 0000000000000028 b g_nvgfx_zcullinfo
000000000002d0a0 0000000000000008 b nvmap_obj3_mapbuffer_x0_offset
000000000002d0a8 0000000000000008 b nvmap_obj4_mapbuffer_x0_offset
000000000002d0b0 0000000000000008 b nvmap_obj6_mapbuffer_xdb_offset
000000000002d0b8 00000000000001b0 b nvmap_objs
000000000002d268 0000000000000008 V __nx_heap_size
000000000002d270 0000000000000001 b g_isNso
000000000002d278 0000000000000008 b g_loaderRetAddr
000000000002d280 0000000000000004 b g_mainThreadHandle
000000000002d288 0000000000000008 b g_nextLoadArgv
000000000002d290 0000000000000008 b g_nextLoadPath
000000000002d298 0000000000000008 b g_overrideArgv
000000000002d2a0 0000000000000008 b g_overrideHeapAddr
000000000002d2a8 0000000000000008 b g_overrideHeapSize
000000000002d2b0 0000000000000004 b g_processHandle
000000000002d2b8 0000000000000010 b g_syscallHints
000000000002d2c8 0000000000000008 b g_argv_empty
000000000002d2d0 0000000000000001 b g_HasCached
000000000002d2d1 0000000000000001 b g_IsAbove200
000000000002d2d2 0000000000000001 b g_IsAbove300
000000000002d2d3 0000000000000001 b g_IsAbove400
000000000002d2d8 0000000000000010 b g_AddressSpace
000000000002d2e8 0000000000000008 b g_CurrentAddr
000000000002d2f0 0000000000000030 b g_Region
000000000002d320 0000000000000004 b g_VirtMemMutex
000000000002d324 0000000000000001 b fsdevInitialised
000000000002d328 0000000000002000 b fsdev_fsdevices
000000000002f328 0000000000000008 b g_nvIpcBufferSize
000000000002f330 000000000000000c b g_nvSrv
000000000002f340 0000000000000028 b g_nvTransfermem
000000000002f368 000000000000000c b g_timeLocalSystemClock
000000000002f378 000000000000000c b g_timeNetworkSystemClock
000000000002f388 000000000000000c b g_timeSrv
000000000002f398 000000000000000c b g_timeTimeZoneService
000000000002f3a8 000000000000000c b g_timeUserSystemClock
000000000002f3b8 000000000000000c b g_viIApplicationDisplayService
000000000002f3c8 000000000000000c b g_viIHOSBinderDriverIndirect
000000000002f3d8 000000000000000c b g_viIHOSBinderDriverRelay
000000000002f3e8 000000000000000c b g_viIManagerDisplayService
000000000002f3f8 000000000000000c b g_viISystemDisplayService
000000000002f408 000000000000000c b g_viSrv
000000000002f418 000000000000000c b g_fsSrv
000000000002f428 0000000000000008 b g_bufferProducerBinderSession
000000000002f430 0000000000000028 B __malloc_current_mallinfo
000000000002f458 0000000000000008 B __malloc_max_sbrked_mem
000000000002f460 0000000000000008 B __malloc_max_total_mem
000000000002f468 0000000000000008 B __malloc_top_pad
000000000002f470 000000000000000c b __malloc_recursive_mutex
000000000002f480 000000000000000c b __sfp_recursive_mutex
000000000002f490 000000000000000c b __sinit_recursive_mutex
000000000002f4a0 0000000000000008 b heap_start.4865
000000000002f4a8 0000000000000008 B fake_heap_end
000000000002f4b0 0000000000000008 B fake_heap_start
000000000002f4b8 0000000000000400 b temp_cwd
000000000002f8b8 0000000000000070 B __syscalls
000000000002f928 0000000000000004 b __hndl_lock
000000000002f930 0000000000000068 B currentCopy
000000000002f998 0000000000000008 B g_nvgfx_nvhostgpu_gpfifo_fence
000000000002f9a0 0000000000000008 B __stack_top
000000000002f9a8 0000000000000008 B __system_argv
000000000002f9b0 0000000000000004 B __system_argc
000000000002f9b8 B __tls_start
0000000000033dc0 B __bss_end__
0000000000033dc0 A __end__
0000000000033dc0 B __tls_end
0000000000034000 A __argdata__
